✅ JWT secret key updated at Tue Apr 22 10:00:02 PM PDT 2025
  % Total    % Received % Xferd  Average Speed   Time    Time     Time  Current
                                 Dload  Upload   Total   Spent    Left  Speed
  0     0    0     0    0     0      0      0 --:--:-- --:--:-- --:--:--     0100    88  100     2  100    86      6    287 --:--:-- --:--:-- --:--:--   295
ok✅ JWT secret key updated at Tue Apr 22 10:15:01 PM PDT 2025
  % Total    % Received % Xferd  Average Speed   Time    Time     Time  Current
                                 Dload  Upload   Total   Spent    Left  Speed
  0     0    0     0    0     0      0      0 --:--:-- --:--:-- --:--:--     0100    88  100     2  100    86      7    343 --:--:-- --:--:-- --:--:--   352
ok✅ JWT secret key updated at Tue Apr 22 10:30:01 PM PDT 2025
  % Total    % Received % Xferd  Average Speed   Time    Time     Time  Current
                                 Dload  Upload   Total   Spent    Left  Speed
  0     0    0     0    0     0      0      0 --:--:-- --:--:-- --:--:--     0100    86    0     0  100    86      0    689 --:--:-- --:--:-- --:--:--   688100    88  100     2  100    86      6    289 --:--:-- --:--:-- --:--:--   296
ok✅ JWT secret key updated at Tue Apr 22 10:45:01 PM PDT 2025
  % Total    % Received % Xferd  Average Speed   Time    Time     Time  Current
                                 Dload  Upload   Total   Spent    Left  Speed
  0     0    0     0    0     0      0      0 --:--:-- --:--:-- --:--:--     0100    88  100     2  100    86      7    310 --:--:-- --:--:-- --:--:--   318
ok✅ JWT secret key updated at Tue Apr 22 11:00:01 PM PDT 2025
  % Total    % Received % Xferd  Average Speed   Time    Time     Time  Current
                                 Dload  Upload   Total   Spent    Left  Speed
  0     0    0     0    0     0      0      0 --:--:-- --:--:-- --:--:--     0100    88  100     2  100    86      6    291 --:--:-- --:--:-- --:--:--   299
ok✅ JWT secret key updated at Tue Apr 22 11:15:01 PM PDT 2025
  % Total    % Received % Xferd  Average Speed   Time    Time     Time  Current
                                 Dload  Upload   Total   Spent    Left  Speed
  0     0    0     0    0     0      0      0 --:--:-- --:--:-- --:--:--     0  0     0    0     0    0     0      0      0 --:--:-- --:--:-- --:--:--     0100    88  100     2  100    86      8    375 --:--:-- --:--:-- --:--:--   382
ok✅ JWT secret key updated at Tue Apr 22 11:30:02 PM PDT 2025
  % Total    % Received % Xferd  Average Speed   Time    Time     Time  Current
                                 Dload  Upload   Total   Spent    Left  Speed
  0     0    0     0    0     0      0      0 --:--:-- --:--:-- --:--:--     0100    88  100     2  100    86      7    302 --:--:-- --:--:-- --:--:--   309
ok✅ JWT secret key updated at Tue Apr 22 11:45:01 PM PDT 2025
  % Total    % Received % Xferd  Average Speed   Time    Time     Time  Current
                                 Dload  Upload   Total   Spent    Left  Speed
  0     0    0     0    0     0      0      0 --:--:-- --:--:-- --:--:--     0100    88  100     2  100    86      7    302 --:--:-- --:--:-- --:--:--   309
ok